[debug] [2024-06-16T19:17:52.355Z] ----------------------------------------------------------------------
[debug] [2024-06-16T19:17:52.357Z] Command:       C:\Program Files\nodejs\node.exe C:\Users\Noah\AppData\Roaming\npm\node_modules\firebase-tools\lib\bin\firebase.js init
[debug] [2024-06-16T19:17:52.357Z] CLI Version:   13.11.2
[debug] [2024-06-16T19:17:52.358Z] Platform:      win32
[debug] [2024-06-16T19:17:52.358Z] Node Version:  v18.16.0
[debug] [2024-06-16T19:17:52.358Z] Time:          Mon Jun 17 2024 00:47:52 GMT+0530 (India Standard Time)
[debug] [2024-06-16T19:17:52.359Z] ----------------------------------------------------------------------
[debug] 
[debug] [2024-06-16T19:17:52.467Z] > command requires scopes: ["email","openid","https://www.googleapis.com/auth/cloudplatformprojects.readonly","https://www.googleapis.com/auth/firebase","https://www.googleapis.com/auth/cloud-platform"]
[debug] [2024-06-16T19:17:52.468Z] > authorizing via signed-in user (velainsanofficial@gmail.com)
[info] 
     ######## #### ########  ######## ########     ###     ######  ########
     ##        ##  ##     ## ##       ##     ##  ##   ##  ##       ##
     ######    ##  ########  ######   ########  #########  ######  ######
     ##        ##  ##    ##  ##       ##     ## ##     ##       ## ##
     ##       #### ##     ## ######## ########  ##     ##  ######  ########

You're about to initialize a Firebase project in this directory:

  C:\Users\Noah\Downloads\NOAHANIME-COLLEGE-main

Before we get started, keep in mind:

  * You are initializing within an existing Firebase project directory

[info] 
=== Account Setup
[info] 
[info] Which account do you want to use for this project? Choose an account or add a new one now
[info] 
[debug] [2024-06-16T19:18:01.630Z] setProjectAccount(C:\Users\Noah\Downloads\NOAHANIME-COLLEGE-main, velainsanofficial@gmail.com)
[info] 
[info] +  Using account: velainsanofficial@gmail.com 
[info] 
=== Project Setup
[info] 
[info] First, let's associate this project directory with a Firebase project.
[info] You can create multiple project aliases by running firebase use --add, 
[info] but for now we'll just set up a default project.
[info] 
[debug] [2024-06-16T19:18:01.649Z] Using project from CLI flag: noahanime-fba6e
[debug] [2024-06-16T19:18:01.651Z] > refreshing access token with scopes: []
[debug] [2024-06-16T19:18:01.654Z] >>> [apiv2][query] POST https://www.googleapis.com/oauth2/v3/token [none]
[debug] [2024-06-16T19:18:01.655Z] >>> [apiv2][body] POST https://www.googleapis.com/oauth2/v3/token [omitted]
[debug] [2024-06-16T19:18:01.888Z] <<< [apiv2][status] POST https://www.googleapis.com/oauth2/v3/token 400
[debug] [2024-06-16T19:18:01.888Z] <<< [apiv2][body] POST https://www.googleapis.com/oauth2/v3/token [omitted]
[debug] [2024-06-16T19:18:01.888Z] >>> [apiv2][query] GET https://firebase.googleapis.com/v1beta1/projects/noahanime-fba6e [none]
[debug] [2024-06-16T19:18:02.154Z] <<< [apiv2][status] GET https://firebase.googleapis.com/v1beta1/projects/noahanime-fba6e 401
[debug] [2024-06-16T19:18:02.155Z] <<< [apiv2][body] GET https://firebase.googleapis.com/v1beta1/projects/noahanime-fba6e {"error":{"code":401,"message":"Request had invalid authentication credentials. Expected OAuth 2 access token, login cookie or other valid authentication credential. See https://developers.google.com/identity/sign-in/web/devconsole-project.","status":"UNAUTHENTICATED"}}
[debug] [2024-06-16T19:18:02.155Z] HTTP Error: 401, Request had invalid authentication credentials. Expected OAuth 2 access token, login cookie or other valid authentication credential. See https://developers.google.com/identity/sign-in/web/devconsole-project.
[debug] [2024-06-16T19:18:02.337Z] FirebaseError: HTTP Error: 401, Request had invalid authentication credentials. Expected OAuth 2 access token, login cookie or other valid authentication credential. See https://developers.google.com/identity/sign-in/web/devconsole-project.
    at responseToError (C:\Users\Noah\AppData\Roaming\npm\node_modules\firebase-tools\lib\responseToError.js:49:12)
    at RetryOperation._fn (C:\Users\Noah\AppData\Roaming\npm\node_modules\firebase-tools\lib\apiv2.js:305:77)
    at process.processTicksAndRejections (node:internal/process/task_queues:95:5)
[error] 
[error] Error: Failed to get Firebase project noahanime-fba6e. Please make sure the project exists and your account has permission to access it.
[debug] [2024-06-16T19:18:41.921Z] ----------------------------------------------------------------------
[debug] [2024-06-16T19:18:41.925Z] Command:       C:\Program Files\nodejs\node.exe C:\Users\Noah\AppData\Roaming\npm\node_modules\firebase-tools\lib\bin\firebase.js init
[debug] [2024-06-16T19:18:41.926Z] CLI Version:   13.11.2
[debug] [2024-06-16T19:18:41.927Z] Platform:      win32
[debug] [2024-06-16T19:18:41.928Z] Node Version:  v18.16.0
[debug] [2024-06-16T19:18:41.928Z] Time:          Mon Jun 17 2024 00:48:41 GMT+0530 (India Standard Time)
[debug] [2024-06-16T19:18:41.929Z] ----------------------------------------------------------------------
[debug] 
[debug] [2024-06-16T19:18:42.091Z] > command requires scopes: ["email","openid","https://www.googleapis.com/auth/cloudplatformprojects.readonly","https://www.googleapis.com/auth/firebase","https://www.googleapis.com/auth/cloud-platform"]
[debug] [2024-06-16T19:18:42.093Z] > authorizing via signed-in user (velainsanofficial@gmail.com)
[info] 
     ######## #### ########  ######## ########     ###     ######  ########
     ##        ##  ##     ## ##       ##     ##  ##   ##  ##       ##
     ######    ##  ########  ######   ########  #########  ######  ######
     ##        ##  ##    ##  ##       ##     ## ##     ##       ## ##
     ##       #### ##     ## ######## ########  ##     ##  ######  ########

You're about to initialize a Firebase project in this directory:

  C:\Users\Noah\Downloads\NOAHANIME-COLLEGE-main

Before we get started, keep in mind:

  * You are initializing within an existing Firebase project directory

[info] 
=== Account Setup
[info] 
[info] Which account do you want to use for this project? Choose an account or add a new one now
[info] 
[debug] [2024-06-16T21:08:59.907Z] setProjectAccount(C:\Users\Noah\Downloads\NOAHANIME-COLLEGE-main, velainsanofficial@gmail.com)
[info] 
[info] +  Using account: velainsanofficial@gmail.com 
[info] 
=== Project Setup
[info] 
[info] First, let's associate this project directory with a Firebase project.
[info] You can create multiple project aliases by running firebase use --add, 
[info] but for now we'll just set up a default project.
[info] 
[debug] [2024-06-16T21:08:59.957Z] Using project from CLI flag: noahanime-fba6e
[debug] [2024-06-16T21:08:59.980Z] > refreshing access token with scopes: []
[debug] [2024-06-16T21:08:59.999Z] >>> [apiv2][query] POST https://www.googleapis.com/oauth2/v3/token [none]
[debug] [2024-06-16T21:08:59.999Z] >>> [apiv2][body] POST https://www.googleapis.com/oauth2/v3/token [omitted]
[debug] [2024-06-16T21:09:00.298Z] <<< [apiv2][status] POST https://www.googleapis.com/oauth2/v3/token 400
[debug] [2024-06-16T21:09:00.299Z] <<< [apiv2][body] POST https://www.googleapis.com/oauth2/v3/token [omitted]
[debug] [2024-06-16T21:09:00.299Z] >>> [apiv2][query] GET https://firebase.googleapis.com/v1beta1/projects/noahanime-fba6e [none]
[debug] [2024-06-16T21:09:00.852Z] <<< [apiv2][status] GET https://firebase.googleapis.com/v1beta1/projects/noahanime-fba6e 401
[debug] [2024-06-16T21:09:00.852Z] <<< [apiv2][body] GET https://firebase.googleapis.com/v1beta1/projects/noahanime-fba6e {"error":{"code":401,"message":"Request had invalid authentication credentials. Expected OAuth 2 access token, login cookie or other valid authentication credential. See https://developers.google.com/identity/sign-in/web/devconsole-project.","status":"UNAUTHENTICATED"}}
[debug] [2024-06-16T21:09:00.854Z] HTTP Error: 401, Request had invalid authentication credentials. Expected OAuth 2 access token, login cookie or other valid authentication credential. See https://developers.google.com/identity/sign-in/web/devconsole-project.
[debug] [2024-06-16T21:09:01.020Z] FirebaseError: HTTP Error: 401, Request had invalid authentication credentials. Expected OAuth 2 access token, login cookie or other valid authentication credential. See https://developers.google.com/identity/sign-in/web/devconsole-project.
    at responseToError (C:\Users\Noah\AppData\Roaming\npm\node_modules\firebase-tools\lib\responseToError.js:49:12)
    at RetryOperation._fn (C:\Users\Noah\AppData\Roaming\npm\node_modules\firebase-tools\lib\apiv2.js:305:77)
    at process.processTicksAndRejections (node:internal/process/task_queues:95:5)
[error] 
[error] Error: Failed to get Firebase project noahanime-fba6e. Please make sure the project exists and your account has permission to access it.
[debug] [2024-06-16T21:09:23.287Z] ----------------------------------------------------------------------
[debug] [2024-06-16T21:09:23.290Z] Command:       C:\Program Files\nodejs\node.exe C:\Users\Noah\AppData\Roaming\npm\node_modules\firebase-tools\lib\bin\firebase.js init
[debug] [2024-06-16T21:09:23.290Z] CLI Version:   13.11.2
[debug] [2024-06-16T21:09:23.291Z] Platform:      win32
[debug] [2024-06-16T21:09:23.292Z] Node Version:  v18.16.0
[debug] [2024-06-16T21:09:23.297Z] Time:          Mon Jun 17 2024 02:39:23 GMT+0530 (India Standard Time)
[debug] [2024-06-16T21:09:23.298Z] ----------------------------------------------------------------------
[debug] 
[debug] [2024-06-16T21:09:23.434Z] > command requires scopes: ["email","openid","https://www.googleapis.com/auth/cloudplatformprojects.readonly","https://www.googleapis.com/auth/firebase","https://www.googleapis.com/auth/cloud-platform"]
[debug] [2024-06-16T21:09:23.437Z] > authorizing via signed-in user (velainsanofficial@gmail.com)
[info] 
     ######## #### ########  ######## ########     ###     ######  ########
     ##        ##  ##     ## ##       ##     ##  ##   ##  ##       ##
     ######    ##  ########  ######   ########  #########  ######  ######
     ##        ##  ##    ##  ##       ##     ## ##     ##       ## ##
     ##       #### ##     ## ######## ########  ##     ##  ######  ########

You're about to initialize a Firebase project in this directory:

  C:\Users\Noah\Downloads\NOAHANIME-COLLEGE-main

Before we get started, keep in mind:

  * You are initializing within an existing Firebase project directory

[debug] [2024-06-16T21:53:34.157Z] ----------------------------------------------------------------------
[debug] [2024-06-16T21:53:34.160Z] Command:       C:\Program Files\nodejs\node.exe C:\Users\Noah\AppData\Roaming\npm\node_modules\firebase-tools\lib\bin\firebase.js init
[debug] [2024-06-16T21:53:34.160Z] CLI Version:   13.11.2
[debug] [2024-06-16T21:53:34.161Z] Platform:      win32
[debug] [2024-06-16T21:53:34.161Z] Node Version:  v18.16.0
[debug] [2024-06-16T21:53:34.162Z] Time:          Mon Jun 17 2024 03:23:34 GMT+0530 (India Standard Time)
[debug] [2024-06-16T21:53:34.162Z] ----------------------------------------------------------------------
[debug] 
[debug] [2024-06-16T21:53:34.317Z] > command requires scopes: ["email","openid","https://www.googleapis.com/auth/cloudplatformprojects.readonly","https://www.googleapis.com/auth/firebase","https://www.googleapis.com/auth/cloud-platform"]
[debug] [2024-06-16T21:53:34.318Z] > authorizing via signed-in user (velainsanofficial@gmail.com)
[info] 
     ######## #### ########  ######## ########     ###     ######  ########
     ##        ##  ##     ## ##       ##     ##  ##   ##  ##       ##
     ######    ##  ########  ######   ########  #########  ######  ######
     ##        ##  ##    ##  ##       ##     ## ##     ##       ## ##
     ##       #### ##     ## ######## ########  ##     ##  ######  ########

You're about to initialize a Firebase project in this directory:

  C:\Users\Noah\Downloads\NOAHANIME-COLLEGE-main

Before we get started, keep in mind:

  * You are initializing within an existing Firebase project directory

[info] 
=== Account Setup
[info] 
[info] Which account do you want to use for this project? Choose an account or add a new one now
[info] 
[debug] [2024-06-16T21:53:46.760Z] setProjectAccount(C:\Users\Noah\Downloads\NOAHANIME-COLLEGE-main, velainsanofficial@gmail.com)
[info] 
[info] +  Using account: velainsanofficial@gmail.com 
[info] 
=== Project Setup
[info] 
[info] First, let's associate this project directory with a Firebase project.
[info] You can create multiple project aliases by running firebase use --add, 
[info] but for now we'll just set up a default project.
[info] 
[debug] [2024-06-16T21:53:46.781Z] Using project from CLI flag: noahanime-fba6e
[debug] [2024-06-16T21:53:46.783Z] > refreshing access token with scopes: []
[debug] [2024-06-16T21:53:46.786Z] >>> [apiv2][query] POST https://www.googleapis.com/oauth2/v3/token [none]
[debug] [2024-06-16T21:53:46.786Z] >>> [apiv2][body] POST https://www.googleapis.com/oauth2/v3/token [omitted]
[debug] [2024-06-16T21:53:47.017Z] <<< [apiv2][status] POST https://www.googleapis.com/oauth2/v3/token 400
[debug] [2024-06-16T21:53:47.017Z] <<< [apiv2][body] POST https://www.googleapis.com/oauth2/v3/token [omitted]
[debug] [2024-06-16T21:53:47.018Z] >>> [apiv2][query] GET https://firebase.googleapis.com/v1beta1/projects/noahanime-fba6e [none]
[debug] [2024-06-16T21:53:47.447Z] <<< [apiv2][status] GET https://firebase.googleapis.com/v1beta1/projects/noahanime-fba6e 401
[debug] [2024-06-16T21:53:47.448Z] <<< [apiv2][body] GET https://firebase.googleapis.com/v1beta1/projects/noahanime-fba6e {"error":{"code":401,"message":"Request had invalid authentication credentials. Expected OAuth 2 access token, login cookie or other valid authentication credential. See https://developers.google.com/identity/sign-in/web/devconsole-project.","status":"UNAUTHENTICATED"}}
[debug] [2024-06-16T21:53:47.449Z] HTTP Error: 401, Request had invalid authentication credentials. Expected OAuth 2 access token, login cookie or other valid authentication credential. See https://developers.google.com/identity/sign-in/web/devconsole-project.
[debug] [2024-06-16T21:53:47.607Z] FirebaseError: HTTP Error: 401, Request had invalid authentication credentials. Expected OAuth 2 access token, login cookie or other valid authentication credential. See https://developers.google.com/identity/sign-in/web/devconsole-project.
    at responseToError (C:\Users\Noah\AppData\Roaming\npm\node_modules\firebase-tools\lib\responseToError.js:49:12)
    at RetryOperation._fn (C:\Users\Noah\AppData\Roaming\npm\node_modules\firebase-tools\lib\apiv2.js:305:77)
    at process.processTicksAndRejections (node:internal/process/task_queues:95:5)
[error] 
[error] Error: Failed to get Firebase project noahanime-fba6e. Please make sure the project exists and your account has permission to access it.
[debug] [2024-06-16T21:54:06.945Z] ----------------------------------------------------------------------
[debug] [2024-06-16T21:54:06.947Z] Command:       C:\Program Files\nodejs\node.exe C:\Users\Noah\AppData\Roaming\npm\node_modules\firebase-tools\lib\bin\firebase.js use --add
[debug] [2024-06-16T21:54:06.948Z] CLI Version:   13.11.2
[debug] [2024-06-16T21:54:06.948Z] Platform:      win32
[debug] [2024-06-16T21:54:06.949Z] Node Version:  v18.16.0
[debug] [2024-06-16T21:54:06.949Z] Time:          Mon Jun 17 2024 03:24:06 GMT+0530 (India Standard Time)
[debug] [2024-06-16T21:54:06.949Z] ----------------------------------------------------------------------
[debug] 
[debug] [2024-06-16T21:54:07.067Z] > command requires scopes: ["email","openid","https://www.googleapis.com/auth/cloudplatformprojects.readonly","https://www.googleapis.com/auth/firebase","https://www.googleapis.com/auth/cloud-platform"]
[debug] [2024-06-16T21:54:07.068Z] > authorizing via signed-in user (velainsanofficial@gmail.com)
[debug] [2024-06-16T21:54:07.070Z] > refreshing access token with scopes: []
[debug] [2024-06-16T21:54:07.073Z] >>> [apiv2][query] POST https://www.googleapis.com/oauth2/v3/token [none]
[debug] [2024-06-16T21:54:07.073Z] >>> [apiv2][body] POST https://www.googleapis.com/oauth2/v3/token [omitted]
[debug] [2024-06-16T21:54:07.290Z] <<< [apiv2][status] POST https://www.googleapis.com/oauth2/v3/token 400
[debug] [2024-06-16T21:54:07.291Z] <<< [apiv2][body] POST https://www.googleapis.com/oauth2/v3/token [omitted]
[debug] [2024-06-16T21:54:07.292Z] >>> [apiv2][query] GET https://firebase.googleapis.com/v1beta1/projects pageSize=1000
[debug] [2024-06-16T21:54:07.683Z] <<< [apiv2][status] GET https://firebase.googleapis.com/v1beta1/projects 401
[debug] [2024-06-16T21:54:07.683Z] <<< [apiv2][body] GET https://firebase.googleapis.com/v1beta1/projects [omitted]
[debug] [2024-06-16T21:54:07.684Z] HTTP Error: 401, Request had invalid authentication credentials. Expected OAuth 2 access token, login cookie or other valid authentication credential. See https://developers.google.com/identity/sign-in/web/devconsole-project.
[debug] [2024-06-16T21:54:07.829Z] FirebaseError: HTTP Error: 401, Request had invalid authentication credentials. Expected OAuth 2 access token, login cookie or other valid authentication credential. See https://developers.google.com/identity/sign-in/web/devconsole-project.
    at responseToError (C:\Users\Noah\AppData\Roaming\npm\node_modules\firebase-tools\lib\responseToError.js:49:12)
    at RetryOperation._fn (C:\Users\Noah\AppData\Roaming\npm\node_modules\firebase-tools\lib\apiv2.js:305:77)
    at process.processTicksAndRejections (node:internal/process/task_queues:95:5)
[error] 
[error] Error: Failed to list Firebase projects. See firebase-debug.log for more info.
